0 info it worked if it ends with ok
1 verbose cli [ 'C:\\Program Files\\nodejs\\node.exe',
1 verbose cli   'C:\\Users\\ZhouJuntao\\AppData\\Roaming\\npm\\node_modules\\npm\\bin\\npm-cli.js',
1 verbose cli   'run',
1 verbose cli   'start' ]
2 info using npm@4.0.3
3 info using node@v6.10.3
4 verbose run-script [ 'prestart', 'start', 'poststart' ]
5 info lifecycle react-music-player@1.0.0~prestart: react-music-player@1.0.0
6 silly lifecycle react-music-player@1.0.0~prestart: no script for prestart, continuing
7 info lifecycle react-music-player@1.0.0~start: react-music-player@1.0.0
8 verbose lifecycle react-music-player@1.0.0~start: unsafe-perm in lifecycle true
9 verbose lifecycle react-music-player@1.0.0~start: PATH: C:\Users\ZhouJuntao\AppData\Roaming\npm\node_modules\npm\bin\node-gyp-bin;D:\web\react\react-demo\node_modules\.bin;C:\Users\ZhouJuntao;C:\Users\ZhouJuntao\node_modules\gulp;D:\web\git\Git\bin;D:\web\http-server\node_modules\.bin;D:\web\node.js\node_modules\npm\bin;C:\WINDOWS\system32;C:\WINDOWS;C:\WINDOWS\System32\Wbem;C:\WINDOWS\System32\WindowsPowerShell\v1.0\;C:\Program Files\nodejs\;F:\software\python;F:\java\bin;F:\java\jre\bin;F:\software\python;D:\go\beego\bin;C:\Users\ZhouJuntao\AppData\Local\Microsoft\WindowsApps;C:\Users\ZhouJuntao\AppData\Roaming\npm;F:\software\vscode\Microsoft VS Code\bin
10 verbose lifecycle react-music-player@1.0.0~start: CWD: D:\web\react\react-demo
11 silly lifecycle react-music-player@1.0.0~start: Args: [ '/d /s /c', 'node server' ]
12 silly lifecycle react-music-player@1.0.0~start: Returned: code: 3221225786  signal: null
13 info lifecycle react-music-player@1.0.0~start: Failed to exec start script
14 verbose stack Error: react-music-player@1.0.0 start: `node server`
14 verbose stack Exit status 3221225786
14 verbose stack     at EventEmitter.<anonymous> (C:\Users\ZhouJuntao\AppData\Roaming\npm\node_modules\npm\lib\utils\lifecycle.js:279:16)
14 verbose stack     at emitTwo (events.js:106:13)
14 verbose stack     at EventEmitter.emit (events.js:191:7)
14 verbose stack     at ChildProcess.<anonymous> (C:\Users\ZhouJuntao\AppData\Roaming\npm\node_modules\npm\lib\utils\spawn.js:40:14)
14 verbose stack     at emitTwo (events.js:106:13)
14 verbose stack     at ChildProcess.emit (events.js:191:7)
14 verbose stack     at maybeClose (internal/child_process.js:886:16)
14 verbose stack     at Process.ChildProcess._handle.onexit (internal/child_process.js:226:5)
15 verbose pkgid react-music-player@1.0.0
16 verbose cwd D:\web\react\react-demo
17 error Windows_NT 10.0.14393
18 error argv "C:\\Program Files\\nodejs\\node.exe" "C:\\Users\\ZhouJuntao\\AppData\\Roaming\\npm\\node_modules\\npm\\bin\\npm-cli.js" "run" "start"
19 error node v6.10.3
20 error npm  v4.0.3
21 error code ELIFECYCLE
22 error react-music-player@1.0.0 start: `node server`
22 error Exit status 3221225786
23 error Failed at the react-music-player@1.0.0 start script 'node server'.
23 error Make sure you have the latest version of node.js and npm installed.
23 error If you do, this is most likely a problem with the react-music-player package,
23 error not with npm itself.
23 error Tell the author that this fails on your system:
23 error     node server
23 error You can get information on how to open an issue for this project with:
23 error     npm bugs react-music-player
23 error Or if that isn't available, you can get their info via:
23 error     npm owner ls react-music-player
23 error There is likely additional logging output above.
24 verbose exit [ 1, true ]
